[ECMWF-INFO -sbatch] - -------------------------------------------------------------------------------------
[ECMWF-INFO -sbatch] -  This is the ECMWF jobfilter
[ECMWF-INFO -sbatch] -  +++ Please report issues using the Support portal +++
[ECMWF-INFO -sbatch] -  +++ https://support.ecmwf.int                     +++
[ECMWF-INFO -sbatch] -  /usr/local/bin/ecsbatch: size: 49527, mtime: Thu Sep  5 11:59:47 2024
[ECMWF-INFO -sbatch] - -------------------------------------------------------------------------------------
[ECMWF-INFO -sbatch] - Time at submit: Wed Sep 18 09:26:27 2024 (1726651587.0940619) on ac6-102.bullx:/lus/h2resw01/hpcperm/nld1247/zarr_converter
[ECMWF-INFO -sbatch] - --- SLURM VARIABLES ---
[ECMWF-INFO -sbatch] - EC_CLUSTER=ac
[ECMWF-INFO -sbatch] - SLURM_EXPORT_ENV=ALL
[ECMWF-INFO -sbatch] - SBATCH_EXPORT=NONE
[ECMWF-INFO -sbatch] - -----------------------
[ECMWF-INFO -sbatch] - jobscript: /lus/h2resw01/hpcperm/nld1247/zarr_converter/zarr_converter.sh
[ECMWF-INFO -sbatch] - --- SCRIPT OPTIONS ---
[ECMWF-INFO -sbatch] - #SBATCH --nodes=1
[ECMWF-INFO -sbatch] - #SBATCH --ntasks-per-node=1
[ECMWF-INFO -sbatch] - #SBATCH --gpus-per-node=0
[ECMWF-INFO -sbatch] - #SBATCH --cpus-per-task=32
[ECMWF-INFO -sbatch] - #SBATCH --mem=64GB
[ECMWF-INFO -sbatch] - #SBATCH --time=2:00:00
[ECMWF-INFO -sbatch] - #SBATCH --job-name=zarr_conv_dowa
[ECMWF-INFO -sbatch] - -----------------------
[ECMWF-INFO -sbatch] - --- POST-PROCESSED OPTIONS ---
[ECMWF-INFO -sbatch] - ARG --positional=['zarr_converter.sh']
[ECMWF-INFO -sbatch] - ARG --cpus_per_task=32
[ECMWF-INFO -sbatch] - ARG --job_name=zarr_conv_dowa
[ECMWF-INFO -sbatch] - ARG --ntasks_per_node=1
[ECMWF-INFO -sbatch] - ARG --nodes=1
[ECMWF-INFO -sbatch] - ARG --time=2:00:00
[ECMWF-INFO -sbatch] - ARG --mem=64GB
[ECMWF-INFO -sbatch] - ARG --gpus_per_node=0
[ECMWF-INFO -sbatch] - ------------------------------
[ECMWF-INFO -sbatch] - jobtag: nld1247-zarr_conv_dowa-1x32-/lus/h2resw01/hpcperm/nld1247/zarr_converter/slurm-_JOBID_.out
[ECMWF-INFO -sbatch] - ------------------------------
[ECMWF-INFO -sbatch] - Average Walltime 0 with a Standard Deviation 0
[ECMWF-INFO -sbatch] - Runtime history
[ECMWF-INFO -sbatch] -   Date               | Cores   Cluster   Walltime       Mem
[ECMWF-INFO -sbatch] - 
[ECMWF-INFO -sbatch] - ['/usr/bin/sbatch', '--cpus-per-task=32', '--job-name=zarr_conv_dowa', '--ntasks-per-node=1', '--nodes=1', '--time=2:00:00', '--mem=64GB', '--gpus-per-node=0', '--licenses=h2resw01', '--export=EC_user_time_limit=2:00:00', '/lus/h2resw01/hpcperm/nld1247/zarr_converter/zarr_converter.sh']
[ECMWF-INFO -sbatch] - sbatch executed on ac
[ECMWF-INFO -sbatch] - Job queued on ac using method local
[ECMWF-INFO -sbatch] - Submitted batch job 30824204
[ECMWF-INFO -ecprofile] /usr/bin/bash NON_INTERACTIVE on ac6-191 at 20240918_092644.249, PID: 1284287, JOBID: 30824204
[ECMWF-INFO -ecprofile] $SCRATCH=/ec/res4/scratch/nld1247
[ECMWF-INFO -ecprofile] $PERM=/perm/nld1247
[ECMWF-INFO -ecprofile] $HPCPERM=/ec/res4/hpcperm/nld1247
[ECMWF-INFO -ecprofile] $TMPDIR=/etc/ecmwf/ssd/ssd1/tmpdirs/nld1247.30824204
[ECMWF-INFO -ecprofile] $SCRATCHDIR=/ec/res4/scratchdir/nld1247/4/30824204

Lmod is automatically replacing "prgenv/gnu" with "conda/23.11.0-0".

-------------------------------------------------------------------------------
There are messages associated with the following module(s):
-------------------------------------------------------------------------------

conda/23.11.0-0:
   Using conda effectively disables any other loaded modules. Use "module
   reset" to return to the default environment.

-------------------------------------------------------------------------------

/perm/nld1247/conda/envs/zarr/lib/python3.10/site-packages/pyproj/crs/crs.py:1293: UserWarning: You will likely lose important projection information when converting to a PROJ string from another format. See: https://proj.org/faq.html#what-is-the-best-format-for-describing-coordinate-reference-systems
  proj = self._crs.to_proj4(version=version)
/perm/nld1247/conda/envs/zarr/lib/python3.10/site-packages/pyproj/crs/crs.py:1293: UserWarning: You will likely lose important projection information when converting to a PROJ string from another format. See: https://proj.org/faq.html#what-is-the-best-format-for-describing-coordinate-reference-systems
  proj = self._crs.to_proj4(version=version)
/lus/h2resw01/hpcperm/nld1247/zarr_converter/aggregate.py:37: RuntimeWarning: invalid value encountered in subtract
  variance = (sqrs - N*mns**2)/(N - 1)
/perm/nld1247/conda/envs/zarr/lib/python3.10/site-packages/pyproj/crs/crs.py:1293: UserWarning: You will likely lose important projection information when converting to a PROJ string from another format. See: https://proj.org/faq.html#what-is-the-best-format-for-describing-coordinate-reference-systems
  proj = self._crs.to_proj4(version=version)
/perm/nld1247/conda/envs/zarr/lib/python3.10/site-packages/pyproj/crs/crs.py:1293: UserWarning: You will likely lose important projection information when converting to a PROJ string from another format. See: https://proj.org/faq.html#what-is-the-best-format-for-describing-coordinate-reference-systems
  proj = self._crs.to_proj4(version=version)
start passed
0

Opened dataset
date 2008-01-01T00:00:00.000000000
path exists
date 2008-01-01T00:00:00.000000000
CONVERTING MODEL TO PRESSURE LEVELS
converting hus to pressure levels
converting phi to pressure levels
converting ta to pressure levels
converting ua to pressure levels
converting va to pressure levels
converting w to pressure levels
PREPROCESSING DOWA
DEWPOINT FROM SPECIFIC HUMIDITY
END DEWPOINT
[[[2.7238686e-06 2.7249050e-06 2.7242163e-06 ... 2.6749688e-06
   2.6723433e-06 2.6728721e-06]
  [2.6815246e-06 2.6798275e-06 2.6817966e-06 ... 2.6199057e-06
   2.6195441e-06 2.6183202e-06]
  [2.4074220e-06 2.3987336e-06 2.3901180e-06 ... 2.8443965e-06
   2.8436830e-06 2.8437696e-06]
  ...
  [3.2201991e-03 3.2353583e-03 3.2293983e-03 ... 2.5252937e-03
   2.5263452e-03 2.5279408e-03]
  [5.2159857e-03 5.2097123e-03 5.1909955e-03 ... 2.7330017e-03
   2.7331896e-03 2.7364711e-03]
  [4.6297163e-03 4.6237400e-03 4.6311822e-03 ... 3.0944068e-03
   3.0905819e-03 3.0914408e-03]]]
[[[0.00474909 0.00465605 0.0046733  ... 0.00329971 0.00330002 0.00327307]]]
[[[201693.8    201702.6    201705.22   ... 199741.44   199742.1
   199745.05  ]
  [159066.78   159076.02   159078.5    ... 156506.86   156506.67
   156510.4   ]
  [133755.6    133766.5    133768.83   ... 130646.64   130646.12
   130650.91  ]
  ...
  [ 14926.767   14935.457   14939.437  ...  14734.438   14734.901
    14736.938 ]
  [  8162.688    8171.3555   8175.536  ...   8227.325    8227.746
     8229.359 ]
  [  5705.5186   5801.202    5732.3564 ...   2187.196    2188.257
     2190.367 ]]]
[[[ 95507.016  95404.13   95490.5   ... 102682.03  102698.73  102748.96 ]]]
[[[102300.84 102313.22 102319.87 ... 102820.09 102819.25 102806.11]]]
[[[  0.        0.        0.      ...   0.      277.75217 277.692  ]]]
[[[211.23007 211.22801 211.22682 ... 211.61134 211.61182 211.60645]
  [211.0207  211.01183 211.01215 ... 216.80261 216.8065  216.79945]
  [217.2498  217.25198 217.2561  ... 219.57344 219.58714 219.58908]
  ...
  [276.68927 276.66757 276.65482 ... 266.3691  266.37964 266.394  ]
  [279.43243 279.4579  279.44263 ... 268.03198 268.0413  268.07278]
  [275.79984 275.77856 275.82568 ... 271.6283  271.576   271.52893]]]
[[[276.11197 276.04666 276.08585 ... 274.45306 274.3921  274.34857]]]
[[[  0.52913813   0.47200396   0.44512403 ...  16.56200124  16.55242021
    16.55285184]
  [  6.47554041   6.48189726   6.50488836 ...   8.36835351   8.37840474
     8.41284399]
  [ 10.00193946   9.98134994   9.97077288 ...   3.7841766    3.80533091
     3.87058615]
  ...
  [  2.28626251   2.23855594   2.21665865 ... -11.52487165 -11.4683906
   -11.36041594]
  [  1.50492226   1.45866456   1.54035125 ...  -9.26369429  -9.28152568
    -9.27057205]
  [ -0.6542503   -0.63583154  -0.60544278 ...  -8.12790137  -8.13497008
    -8.10307   ]]]
[[[-0.62984261 -0.60965738 -0.5798604  ... -6.98033311 -7.03594344
   -7.02951755]]]
[[[-1.47186795 -1.50022132 -1.51181274 ... -3.30710631 -3.33459489
   -3.35487737]
  [ 0.39811267  0.36103852  0.33379138 ... -2.55019059 -2.54379594
   -2.52713375]
  [ 5.41794735  5.35753439  5.29959743 ... -1.43299976 -1.38250045
   -1.32687592]
  ...
  [ 5.46567646  5.42208797  5.32418423 ...  1.86614451  1.95463528
    2.05015577]
  [ 6.17388619  6.11288617  6.11751146 ...  1.91250847  2.02372265
    2.14313604]
  [ 2.20380958  2.14887787  2.0934538  ...  1.19897204  1.24723448
    1.3093765 ]]]
[[[-0.08551999 -0.05422024 -0.03316725 ... -0.00781365 -0.00246024
   -0.00612227]
  [-0.17131284 -0.10846367 -0.06671963 ... -0.01341233 -0.00656285
   -0.00944184]
  [-0.25048447 -0.1591895  -0.09807637 ... -0.01782533 -0.01214621
   -0.01105584]
  ...
  [-1.046359   -0.7409556  -0.3997676  ... -0.06769412 -0.02650918
   -0.06342767]
  [-1.1335447  -0.79825443 -0.4409712  ... -0.07980861 -0.03354209
   -0.0583101 ]
  [-1.2382832  -0.8292562  -0.46706203 ... -0.10116845 -0.03191107
   -0.08199041]]]
[[[2.12150603 2.05993153 2.00472379 ... 0.92763158 0.95804122 0.99332457]]]
[[[276.93796 276.81512 276.80646 ... 276.31024 276.50018 276.74313]]]
[[[276.11197 276.04666 276.08585 ... 274.45306 274.3921  274.34857]]]
[[[0. 0. 0. ... 0. 0. 0.]]]
[[[0. 0. 0. ... 0. 0. 0.]]]
[[[0. 0. 0. ... 0. 0. 0.]]]
[[[0.7321324  0.73210365 0.7320751  ... 0.51510394 0.5152095  0.51531523]]]
[[[0.9905333 0.9906053 0.9906771 ... 0.9190826 0.9187995 0.9185161]]]
[[[0.68116236 0.6811933  0.6812239  ... 0.8571277  0.85706425 0.8570007 ]]]
[[[-0.13727291 -0.13675204 -0.13623108 ...  0.39406496  0.3947245
    0.3953836 ]]]
[[[-0.78727484 -0.78727484 -0.78727484 ... -0.78727484 -0.78727484
   -0.78727484]]]
[[[0.99063519 0.99063519 0.99063519 ... 0.91715599 0.91715599 0.91715599]]]
[[[-0.61660224 -0.61660224 -0.61660224 ... -0.61660224 -0.61660224
   -0.61660224]]]
[[[-0.13653543 -0.13653543 -0.13653543 ...  0.39852839  0.39852839
    0.39852839]]]
[[[0. 0. 0. ... 0. 0. 0.]]]
[[[0. 0. 0. ... 0. 0. 0.]]]
[[[0. 0. 0. ... 0. 0. 0.]]]
[[[0. 0. 0. ... 0. 0. 0.]]]
calculation sum of squares
Adding data to the archive
shape of data being added to the archive (1, 102, 1, 622521)
Aggregating statistics
Using _build to aggregate statistics.
Data is aggregated and placed in root statistics folder
Adding metadata
Finished creating zarr dataset
adding to dataset
12

Opened dataset
date 2008-01-01T06:00:00.000000000
path exists
date 2008-01-01T06:00:00.000000000
CONVERTING MODEL TO PRESSURE LEVELS
converting hus to pressure levels
converting phi to pressure levels
converting ta to pressure levels
converting ua to pressure levels
converting va to pressure levels
converting w to pressure levels
PREPROCESSING DOWA
DEWPOINT FROM SPECIFIC HUMIDITY
END DEWPOINT
[[[2.7022099e-06 2.7006977e-06 2.7013200e-06 ... 2.6864670e-06
   2.6864636e-06 2.6858379e-06]
  [2.6638249e-06 2.6673629e-06 2.6675971e-06 ... 2.7469048e-06
   2.7460601e-06 2.7439216e-06]
  [2.8508207e-06 2.8480524e-06 2.8486090e-06 ... 2.8469560e-06
   2.8459474e-06 2.8477948e-06]
  ...
  [2.6971060e-03 2.7274818e-03 2.6912563e-03 ... 2.5541040e-03
   2.5577554e-03 2.5612176e-03]
  [3.8532044e-03 3.8347128e-03 3.8210268e-03 ... 2.6589881e-03
   2.6665870e-03 2.6780651e-03]
  [3.8301807e-03 3.7999486e-03 3.7822337e-03 ... 2.8775949e-03
   2.8773521e-03 2.8800278e-03]]]
[[[0.00384375 0.00381357 0.00379517 ... 0.00302625 0.00304023 0.00306202]]]
[[[201397.08   201401.44   201404.39   ... 199609.14   199607.75
   199603.72  ]
  [158689.08   158695.67   158699.1    ... 156465.11   156461.33
   156461.83  ]
  [133363.     133371.44   133373.38   ... 130674.1    130669.67
   130672.88  ]
  ...
  [ 14698.004   14704.651   14710.294  ...  14954.672   14953.877
    14956.317 ]
  [  7945.64     7952.96     7959.3203 ...   8446.742    8445.302
     8446.892 ]
  [  5704.8247   5800.5063   5731.662  ...   2420.0205   2419.207
     2420.6187]]]
[[[ 95269.11   95165.58   95254.945 ... 102994.47  103008.766 103059.08 ]]]
[[[102099.07  102111.95  102120.41  ... 103128.164 103125.664 103102.06 ]]]
[[[  0.        0.        0.      ...   0.      277.5987  277.55762]]]
[[[212.02982 212.02657 212.02695 ... 211.2882  211.30888 211.28914]
  [211.2146  211.20198 211.20985 ... 216.48763 216.49524 216.47159]
  [216.73944 216.74939 216.76918 ... 218.60204 218.60869 218.58783]
  ...
  [276.81354 276.74872 276.71222 ... 266.48175 266.4932  266.50714]
  [278.69742 278.6446  278.63644 ... 267.95874 267.99127 268.0559 ]
  [274.55612 274.38535 274.28812 ... 270.9277  270.8714  270.81876]]]
[[[274.14804 273.97803 273.8952  ... 273.01898 272.96664 272.94485]]]
[[[  1.80476463   1.74448886   1.72826841 ...  14.90335174  14.85134623
    14.89534325]
  [  7.14492995   7.13669657   7.14174116 ...   6.64082208   6.64175793
     6.72740534]
  [ 11.46633364  11.44458599  11.42082531 ...   1.12721247   1.1165202
     1.20942868]
  ...
  [  5.79387613   5.81132709   5.80487386 ...  -8.37040381  -8.36284811
    -8.30867126]
  [  1.2428824    1.07946428   1.18047901 ...  -7.3502256   -7.32815032
    -7.2554304 ]
  [ -1.0569307   -1.05028194  -1.00585729 ... -10.0003276   -9.95855553
    -9.88982013]]]
[[[-1.00089836 -0.99150781 -0.94914492 ... -8.26154645 -8.30160055
   -8.26574997]]]
/lus/h2resw01/hpcperm/nld1247/zarr_converter/aggregate.py:37: RuntimeWarning: invalid value encountered in subtract
  variance = (sqrs - N*mns**2)/(N - 1)
/perm/nld1247/conda/envs/zarr/lib/python3.10/site-packages/pyproj/crs/crs.py:1293: UserWarning: You will likely lose important projection information when converting to a PROJ string from another format. See: https://proj.org/faq.html#what-is-the-best-format-for-describing-coordinate-reference-systems
  proj = self._crs.to_proj4(version=version)
/perm/nld1247/conda/envs/zarr/lib/python3.10/site-packages/pyproj/crs/crs.py:1293: UserWarning: You will likely lose important projection information when converting to a PROJ string from another format. See: https://proj.org/faq.html#what-is-the-best-format-for-describing-coordinate-reference-systems
  proj = self._crs.to_proj4(version=version)
/lus/h2resw01/hpcperm/nld1247/zarr_converter/aggregate.py:37: RuntimeWarning: invalid value encountered in subtract
  variance = (sqrs - N*mns**2)/(N - 1)
/perm/nld1247/conda/envs/zarr/lib/python3.10/site-packages/pyproj/crs/crs.py:1293: UserWarning: You will likely lose important projection information when converting to a PROJ string from another format. See: https://proj.org/faq.html#what-is-the-best-format-for-describing-coordinate-reference-systems
  proj = self._crs.to_proj4(version=version)
/perm/nld1247/conda/envs/zarr/lib/python3.10/site-packages/pyproj/crs/crs.py:1293: UserWarning: You will likely lose important projection information when converting to a PROJ string from another format. See: https://proj.org/faq.html#what-is-the-best-format-for-describing-coordinate-reference-systems
  proj = self._crs.to_proj4(version=version)
[[[ 1.81080985  1.83895941  1.84561438 ... -3.66332683 -3.69358528
   -3.70519685]
  [ 1.51682069  1.50427246  1.464729   ... -2.58458589 -2.58657199
   -2.58284669]
  [ 4.29218586  4.29086938  4.26503321 ... -0.16377197 -0.15457765
   -0.12984256]
  ...
  [ 7.47386911  7.50022109  7.42125732 ...  5.53233316  5.54019331
    5.54374566]
  [ 9.95429905  9.75395801  9.71155617 ...  5.37912988  5.430451
    5.47995643]
  [ 2.95561547  2.90566087  2.82838122 ...  3.46619333  3.44041603
    3.43080901]]]
[[[-0.13771942 -0.09624168 -0.06483351 ... -0.04314933 -0.01067225
   -0.02529953]
  [-0.27806354 -0.18965961 -0.13010126 ... -0.08448216 -0.03324987
   -0.048184  ]
  [-0.40475395 -0.27389708 -0.1841903  ... -0.118264   -0.05952429
   -0.06849682]
  ...
  [-1.4083847  -0.9662792  -0.5661483  ... -0.14561127 -0.05789354
   -0.15757127]
  [-1.5743569  -1.0712805  -0.62855357 ... -0.13366391 -0.07734349
   -0.15273495]
  [-1.6735885  -1.1332937  -0.6578476  ... -0.1850664  -0.06145687
   -0.18081628]]]
[[[2.81051134 2.75471669 2.67941906 ... 2.56667872 2.5592845  2.53980271]]]
[[[273.0433  272.95355 272.89737 ... 272.48148 273.06396 273.9752 ]]]
[[[274.14804 273.97803 273.8952  ... 273.01898 272.96664 272.94485]]]
[[[0. 0. 0. ... 0. 0. 0.]]]
[[[0. 0. 0. ... 0. 0. 0.]]]
[[[0. 0. 0. ... 0. 0. 0.]]]
[[[0.7321324  0.73210365 0.7320751  ... 0.51510394 0.5152095  0.51531523]]]
[[[0.9905333 0.9906053 0.9906771 ... 0.9190826 0.9187995 0.9185161]]]
[[[0.68116236 0.6811933  0.6812239  ... 0.8571277  0.85706425 0.8570007 ]]]
[[[-0.13727291 -0.13675204 -0.13623108 ...  0.39406496  0.3947245
    0.3953836 ]]]
[[[-0.32406629 -0.32406629 -0.32406629 ... -0.32406629 -0.32406629
   -0.32406629]]]
[[[0.98867976 0.98867976 0.98867976 ... 0.92250899 0.92250899 0.92250899]]]
[[[0.94603438 0.94603438 0.94603438 ... 0.94603438 0.94603438 0.94603438]]]
[[[-0.15004112 -0.15004112 -0.15004112 ...  0.3859756   0.3859756
    0.3859756 ]]]
[[[0. 0. 0. ... 0. 0. 0.]]]
[[[0. 0. 0. ... 0. 0. 0.]]]
[[[0. 0. 0. ... 0. 0. 0.]]]
[[[0. 0. 0. ... 0. 0. 0.]]]
calculation sum of squares
Adding data to the archive
shape of data being added to the archive (1, 102, 1, 622521)
Aggregating statistics
Using _build to aggregate statistics.
Data is aggregated and placed in root statistics folder
Adding metadata
Finished creating zarr dataset
adding to dataset
24

Opened dataset
date 2008-01-01T12:00:00.000000000
path exists
date 2008-01-01T12:00:00.000000000
CONVERTING MODEL TO PRESSURE LEVELS
converting hus to pressure levels
converting phi to pressure levels
converting ta to pressure levels
converting ua to pressure levels
converting va to pressure levels
converting w to pressure levels
PREPROCESSING DOWA
DEWPOINT FROM SPECIFIC HUMIDITY
END DEWPOINT
[[[2.7144742e-06 2.7119397e-06 2.7141070e-06 ... 2.7116537e-06
   2.7114329e-06 2.7120511e-06]
  [2.5629695e-06 2.5646029e-06 2.5655113e-06 ... 2.7690899e-06
   2.7697240e-06 2.7678193e-06]
  [3.0427111e-06 3.0411131e-06 3.0361318e-06 ... 2.8619952e-06
   2.8621075e-06 2.8623724e-06]
  ...
  [5.1871426e-03 5.1199500e-03 5.0972397e-03 ... 2.1791954e-03
   2.1676423e-03 2.1562972e-03]
  [4.6685226e-03 4.6421634e-03 4.6144039e-03 ... 2.2631818e-03
   2.2453987e-03 2.2309036e-03]
  [4.9049603e-03 4.8676189e-03 4.8577595e-03 ... 2.8816145e-03
   2.8748801e-03 2.8714999e-03]]]
[[[0.00511488 0.00507295 0.00505913 ... 0.00302467 0.00302513 0.00304471]]]
[[[201515.03   201519.22   201522.36   ... 199678.2    199676.1
   199673.75  ]
  [158659.19   158664.81   158668.14   ... 156601.4    156597.64
   156600.1   ]
  [133198.53   133206.38   133209.38   ... 130918.71   130914.51
   130919.43  ]
  ...
  [ 14508.705   14515.806   14520.51   ...  15279.855   15277.795
    15277.798 ]
  [  7741.902    7750.4277   7755.028  ...   8795.386    8795.105
     8795.624 ]
  [  5707.585    5803.2646   5734.422  ...   2761.358    2762.201
     2762.577 ]]]
[[[ 95010.36   94908.24   94995.15  ... 103446.234 103462.836 103511.945]]]
[[[101786.59  101794.6   101800.03  ... 103576.9   103574.086 103541.97 ]]]
[[[  0.        0.        0.      ...   0.      277.5987  277.55762]]]
[[[211.85605 211.84692 211.84895 ... 210.58931 210.60443 210.58835]
  [213.1342  213.13284 213.1406  ... 216.12105 216.1295  216.10696]
  [216.14351 216.11824 216.1104  ... 217.50423 217.49756 217.4756 ]
  ...
  [277.75467 277.68607 277.67825 ... 264.82727 264.781   264.76947]
  [278.33728 278.28067 278.23016 ... 268.526   268.45663 268.4145 ]
  [280.5533  280.45364 280.45615 ... 270.59647 270.5432  270.50824]]]
[[[280.97128 280.8572  280.86157 ... 273.31    273.2968  273.2661 ]]]
[[[ 3.69527027  3.66601755  3.64560881 ... 16.46850077 16.43870165
   16.46941245]
  [ 7.42883834  7.40759296  7.39721815 ...  6.04120057  6.04717723
    6.12352639]
  [ 6.66267954  6.64869059  6.66921222 ...  0.02047906  0.0187461
    0.10699478]
  ...
  [ 8.06194771  8.00024374  7.98768992 ... -8.71303495 -8.73485224
   -8.67546122]
  [-1.64363815 -1.77710793 -1.68576087 ... -8.81016584 -8.85796684
   -8.84226983]
  [-1.5226947  -1.50853328 -1.45539662 ... -9.02233791 -9.02399785
   -8.97576846]]]
[[[-1.45361005 -1.43443865 -1.38277042 ... -7.5718165  -7.63453008
   -7.60785524]]]
[[[-0.06039766 -0.0811524  -0.09715913 ... -1.33265716 -1.3175433
   -1.29751773]
  [ 0.78943679  0.77745246  0.76413516 ... -0.31608119 -0.30739467
   -0.29509013]
  [ 5.2012758   5.18423732  5.12917258 ...  3.89478116  3.89990688
    3.88814843]
  ...
  [10.37650236 10.36291691 10.11128843 ...  1.04155107  0.88177235
    0.73537606]
  [10.86419337 10.37946657 10.42134519 ...  6.01939324  5.93337857
    5.82306792]
  [ 5.20945582  5.13722286  5.03633946 ...  5.48264631  5.42165999
    5.3689622 ]]]
[[[-0.2146831  -0.14696027 -0.08915205 ... -0.04517228 -0.01394807
   -0.02833881]
  [-0.42069086 -0.28328416 -0.16867329 ... -0.09286907 -0.04527036
   -0.05708858]
  [-0.62344795 -0.41980484 -0.2456201  ... -0.1311805  -0.08031423
   -0.08024468]
  ...
  [-2.5010939  -1.694128   -0.9026705  ... -0.18046136 -0.15495248
   -0.14579874]
  [-2.7193978  -1.8272265  -1.0323088  ... -0.16656837 -0.1934939
   -0.16054253]
  [-2.878854   -1.9412705  -1.1008345  ... -0.21582101 -0.16490613
   -0.23188648]]]
[[[4.95099391 4.86352181 4.76361123 ... 4.35496245 4.34963189 4.30132732]]]
[[[282.2938  282.08847 282.09885 ... 273.27682 273.9088  274.573  ]]]
[[[280.97128 280.8572  280.86157 ... 273.31    273.2968  273.2661 ]]]
[[[0. 0. 0. ... 0. 0. 0.]]]
[[[0. 0. 0. ... 0. 0. 0.]]]
[[[0. 0. 0. ... 0. 0. 0.]]]
[[[0.7321324  0.73210365 0.7320751  ... 0.51510394 0.5152095  0.51531523]]]
[[[0.9905333 0.9906053 0.9906771 ... 0.9190826 0.9187995 0.9185161]]]
[[[0.68116236 0.6811933  0.6812239  ... 0.8571277  0.85706425 0.8570007 ]]]
[[[-0.13727291 -0.13675204 -0.13623108 ...  0.39406496  0.3947245
    0.3953836 ]]]
[[[0.99999058 0.99999058 0.99999058 ... 0.99999058 0.99999058 0.99999058]]]
[[[0.98897466 0.98897466 0.98897466 ... 0.92174358 0.92174358 0.92174358]]]
[[[-0.00433982 -0.00433982 -0.00433982 ... -0.00433982 -0.00433982
   -0.00433982]]]
[[[-0.14808484 -0.14808484 -0.14808484 ...  0.38779991  0.38779991
    0.38779991]]]
[[[0. 0. 0. ... 0. 0. 0.]]]
[[[0. 0. 0. ... 0. 0. 0.]]]
[[[0. 0. 0. ... 0. 0. 0.]]]
[[[0. 0. 0. ... 0. 0. 0.]]]
calculation sum of squares
Adding data to the archive
shape of data being added to the archive (1, 102, 1, 622521)
Aggregating statistics
Using _build to aggregate statistics.
Data is aggregated and placed in root statistics folder
Adding metadata
Finished creating zarr dataset
adding to dataset
36

Opened dataset
date 2008-01-01T18:00:00.000000000
path exists
date 2008-01-01T18:00:00.000000000
CONVERTING MODEL TO PRESSURE LEVELS
converting hus to pressure levels
converting phi to pressure levels
converting ta to pressure levels
converting ua to pressure levels
converting va to pressure levels
converting w to pressure levels
PREPROCESSING DOWA
DEWPOINT FROM SPECIFIC HUMIDITY
END DEWPOINT
/lus/h2resw01/hpcperm/nld1247/zarr_converter/aggregate.py:37: RuntimeWarning: invalid value encountered in subtract
  variance = (sqrs - N*mns**2)/(N - 1)
/perm/nld1247/conda/envs/zarr/lib/python3.10/site-packages/pyproj/crs/crs.py:1293: UserWarning: You will likely lose important projection information when converting to a PROJ string from another format. See: https://proj.org/faq.html#what-is-the-best-format-for-describing-coordinate-reference-systems
  proj = self._crs.to_proj4(version=version)
/perm/nld1247/conda/envs/zarr/lib/python3.10/site-packages/pyproj/crs/crs.py:1293: UserWarning: You will likely lose important projection information when converting to a PROJ string from another format. See: https://proj.org/faq.html#what-is-the-best-format-for-describing-coordinate-reference-systems
  proj = self._crs.to_proj4(version=version)
[[[2.6783282e-06 2.6771179e-06 2.6762827e-06 ... 2.6927908e-06
   2.6907082e-06 2.6918920e-06]
  [2.6279165e-06 2.6266478e-06 2.6253065e-06 ... 2.7727542e-06
   2.7737804e-06 2.7731212e-06]
  [3.0385008e-06 3.0472534e-06 3.0541146e-06 ... 2.8809889e-06
   2.8807081e-06 2.8842271e-06]
  ...
  [6.2647099e-03 6.2338826e-03 6.2265983e-03 ... 1.7672126e-03
   1.7657065e-03 1.7614206e-03]
  [5.0794659e-03 5.0542117e-03 5.0423006e-03 ... 2.1281857e-03
   2.1024370e-03 2.0730316e-03]
  [5.2875783e-03 5.2627167e-03 5.2516200e-03 ... 2.8156315e-03
   2.8110384e-03 2.8030709e-03]]]
[[[0.0053215  0.00529789 0.0052869  ... 0.00297629 0.00298213 0.00299651]]]
[[[201375.77   201380.89   201384.42   ... 199473.64   199470.56
   199469.02  ]
  [158478.05   158483.72   158487.2    ... 156606.78   156601.23
   156603.52  ]
  [132929.14   132936.73   132939.9    ... 131060.39   131055.1
   131059.65  ]
  ...
  [ 14106.397   14115.749   14125.555  ...  15494.998   15492.933
    15492.917 ]
  [  7311.1313   7321.3486   7330.048  ...   9087.631    9088.208
     9088.818 ]
  [  5707.634    5802.7285   5734.47   ...   3076.6306   3078.48
     3080.5278]]]
[[[ 94500.53   94400.36   94491.305 ... 103862.484 103882.04  103933.73 ]]]
[[[101252.34 101254.37 101262.96 ... 103991.7  103990.38 103957.01]]]
[[[  0.        0.        0.      ...   0.      277.5987  277.55762]]]
[[[212.00676 212.01045 212.01576 ... 209.49062 209.50536 209.48993]
  [213.55763 213.55293 213.5551  ... 215.05582 215.06744 215.0478 ]
  [216.9767  216.9366  216.91417 ... 216.39273 216.37766 216.3631 ]
  ...
  [278.755   278.7452  278.76837 ... 263.17685 263.17673 263.26266]
  [279.3243  279.309   279.3174  ... 265.89606 265.82578 265.78488]
  [279.80502 279.74976 279.771   ... 270.56747 270.46497 270.37726]]]
[[[279.4234  279.3664  279.3883  ... 273.33725 273.24078 273.16187]]]
[[[  4.0341972    3.97575974   3.93188134 ...  14.36678664  14.36007785
    14.40932951]
  [  8.11163279   8.07831668   8.06167297 ...   6.67634839   6.67041492
     6.72057785]
  [ 11.18420929  11.19329386  11.21156361 ...  -0.87117114  -0.89095083
    -0.82285032]
  ...
  [  7.95207957   7.73718949   7.84262658 ...  -5.67581522  -5.75735555
    -5.79519773]
  [ -5.37709142  -5.36118682  -5.31710055 ...  -8.73670692  -8.72955468
    -8.65139356]
  [ -2.98420392  -2.95640611  -2.88724074 ... -10.72516745 -10.74629129
   -10.71578357]]]
[[[-2.82071583 -2.78465977 -2.71696435 ... -8.72747603 -8.79408466
   -8.76395533]]]
[[[-2.90720361 -2.90260111 -2.87631329 ... -3.30538858 -3.33922573
   -3.36002217]
  [ 0.66539199  0.64682606  0.63225129 ... -0.75534732 -0.75073727
   -0.7370447 ]
  [ 4.50034914  4.51562567  4.51811388 ...  0.17588287  0.16996873
    0.17669167]
  ...
  [20.59890367 20.5441911  20.34907064 ...  3.33127766  3.33605869
    3.34913873]
  [12.62382218 12.32112887 12.44808694 ...  6.21112497  6.1962432
    6.16595228]
  [ 5.29807794  5.24839609  5.15864333 ...  4.56215871  4.53458986
    4.51079194]]]
[[[-2.00247869e-01 -1.41519606e-01 -8.92358124e-02 ... -3.48939411e-02
   -1.85298361e-03 -1.84378345e-02]
  [-3.91079605e-01 -2.70422876e-01 -1.68878600e-01 ... -6.87930509e-02
   -1.81741025e-02 -3.53149436e-02]
  [-5.74743152e-01 -3.97630721e-01 -2.47038916e-01 ... -9.51653346e-02
   -4.23609205e-02 -4.59896363e-02]
  ...
  [-2.56393409e+00 -1.83033967e+00 -1.12107706e+00 ... -1.33909762e-01
   -1.50809422e-01 -8.67377967e-02]
  [-2.76505089e+00 -1.94187343e+00 -1.21941161e+00 ... -1.08648844e-01
   -1.88331872e-01 -8.68215635e-02]
  [-2.94540811e+00 -2.06730127e+00 -1.30770063e+00 ... -1.86020300e-01
   -1.14651732e-01 -1.89460978e-01]]]
[[[5.01630537 4.95188578 4.86245611 ... 3.1802348  3.16182717 3.11772118]]]
[[[278.36688 278.37115 278.39035 ... 272.78424 273.28192 274.06543]]]
[[[279.4234  279.3664  279.3883  ... 273.33725 273.24078 273.16187]]]
[[[0. 0. 0. ... 0. 0. 0.]]]
[[[0. 0. 0. ... 0. 0. 0.]]]
[[[0. 0. 0. ... 0. 0. 0.]]]
[[[0.7321324  0.73210365 0.7320751  ... 0.51510394 0.5152095  0.51531523]]]
[[[0.9905333 0.9906053 0.9906771 ... 0.9190826 0.9187995 0.9185161]]]
[[[0.68116236 0.6811933  0.6812239  ... 0.8571277  0.85706425 0.8570007 ]]]
[[[-0.13727291 -0.13675204 -0.13623108 ...  0.39406496  0.3947245
    0.3953836 ]]]
[[[-0.33226524 -0.33226524 -0.33226524 ... -0.33226524 -0.33226524
   -0.33226524]]]
[[[0.98926569 0.98926569 0.98926569 ... 0.92097456 0.92097456 0.92097456]]]
[[[-0.94318599 -0.94318599 -0.94318599 ... -0.94318599 -0.94318599
   -0.94318599]]]
[[[-0.14612799 -0.14612799 -0.14612799 ...  0.38962271  0.38962271
    0.38962271]]]
[[[0. 0. 0. ... 0. 0. 0.]]]
[[[0. 0. 0. ... 0. 0. 0.]]]
[[[0. 0. 0. ... 0. 0. 0.]]]
[[[0. 0. 0. ... 0. 0. 0.]]]
calculation sum of squares
Adding data to the archive
shape of data being added to the archive (1, 102, 1, 622521)
Aggregating statistics
Using _build to aggregate statistics.
Data is aggregated and placed in root statistics folder
Adding metadata
Finished creating zarr dataset
adding to dataset
start passed
0

Opened dataset
date 2008-01-02T00:00:00.000000000
path exists
date 2008-01-02T00:00:00.000000000
CONVERTING MODEL TO PRESSURE LEVELS
converting hus to pressure levels
converting phi to pressure levels
converting ta to pressure levels
converting ua to pressure levels
converting va to pressure levels
converting w to pressure levels
PREPROCESSING DOWA
DEWPOINT FROM SPECIFIC HUMIDITY
END DEWPOINT
[[[2.7340423e-06 2.7333140e-06 2.7352221e-06 ... 2.7179540e-06
   2.7211183e-06 2.7181352e-06]
  [2.6879657e-06 2.6877617e-06 2.6877792e-06 ... 2.7692165e-06
   2.7688975e-06 2.7689066e-06]
  [2.7087622e-06 2.7095639e-06 2.7136641e-06 ... 2.9576775e-06
   2.9582723e-06 2.9581781e-06]
  ...
  [5.2184518e-03 5.2229660e-03 5.2225767e-03 ... 1.3874390e-03
   1.3728227e-03 1.3517335e-03]
  [5.1433491e-03 5.1281103e-03 5.1247664e-03 ... 1.7458925e-03
   1.7374963e-03 1.7264705e-03]
  [5.3243064e-03 5.3075282e-03 5.3114169e-03 ... 2.3497192e-03
   2.3533807e-03 2.3541045e-03]]]
[[[0.00537058 0.00535098 0.00535555 ... 0.00253752 0.00254979 0.00258153]]]
[[[201483.44   201491.38   201494.53   ... 199284.25   199283.81
   199287.95  ]
  [158473.44   158481.11   158484.7    ... 156551.52   156550.06
   156554.2   ]
  [132808.58   132816.4    132819.     ... 131162.17   131161.56
   131166.53  ]
  ...
  [ 13780.806   13789.888   13798.618  ...  15638.809   15640.605
    15641.625 ]
  [  7034.8604   7043.5015   7051.2676 ...   9254.6      9256.891
     9257.553 ]
  [  5707.089    5802.7666   5733.9253 ...   3270.0203   3274.229
     3276.5789]]]
[[[ 94179.92   94078.086  94167.66  ... 104133.016 104155.625 104207.9  ]]]
[[[100932.61  100928.12  100934.38  ... 104261.54  104261.305 104227.43 ]]]
[[[  0.       0.       0.     ...   0.     277.2191 277.1774]]]
[[[212.721   212.72565 212.72606 ... 209.15016 209.15233 209.1518 ]
  [214.32861 214.32889 214.3295  ... 213.85995 213.87569 213.88696]
  [219.17558 219.15971 219.14343 ... 214.94183 214.92786 214.91899]
  ...
  [275.4659  275.495   275.50644 ... 263.93085 264.03586 264.22754]
  [278.73624 278.76935 278.79584 ... 264.4722  264.38312 264.3169 ]
  [279.34952 279.32114 279.39014 ... 269.6514  269.56314 269.48633]]]
[[[279.27966 279.27527 279.35425 ... 272.75467 272.66254 272.58792]]]
[[[  3.01576845   2.99321653   2.9962524  ...  17.07853716  17.09065445
    17.10452642]
  [  8.38271305   8.36785655   8.36300064 ...   5.14167307   5.15941171
     5.20307943]
  [  7.27330672   7.24052695   7.22846958 ...  -0.39470554  -0.44186988
    -0.44443736]
  ...
  [  7.24132231   6.96446082   7.06296762 ...  -8.89348412  -8.89244979
    -8.85493353]
  [ -3.30950992  -3.37164031  -3.43654603 ... -10.01262193 -10.06216717
   -10.07089103]
  [ -1.90660122  -1.94578297  -1.96325435 ... -10.47793218 -10.45558041
   -10.39569986]]]
[[[-1.80639937 -1.83758103 -1.85206764 ... -8.39722614 -8.44289355
   -8.42087069]]]
/lus/h2resw01/hpcperm/nld1247/zarr_converter/aggregate.py:37: RuntimeWarning: invalid value encountered in subtract
  variance = (sqrs - N*mns**2)/(N - 1)
/perm/nld1247/conda/envs/zarr/lib/python3.10/site-packages/pyproj/crs/crs.py:1293: UserWarning: You will likely lose important projection information when converting to a PROJ string from another format. See: https://proj.org/faq.html#what-is-the-best-format-for-describing-coordinate-reference-systems
  proj = self._crs.to_proj4(version=version)
/perm/nld1247/conda/envs/zarr/lib/python3.10/site-packages/pyproj/crs/crs.py:1293: UserWarning: You will likely lose important projection information when converting to a PROJ string from another format. See: https://proj.org/faq.html#what-is-the-best-format-for-describing-coordinate-reference-systems
  proj = self._crs.to_proj4(version=version)
srun: Job step aborted: Waiting up to 122 seconds for job step to finish.
slurmstepd: error: *** STEP 30824204.0 ON ac6-191 CANCELLED AT 2024-09-18T09:32:35 ***
slurmstepd: error: *** JOB 30824204 ON ac6-191 CANCELLED AT 2024-09-18T09:32:35 ***
[ECMWF-INFO -ecepilog] ----------------------------------------------------------------------------------------------------
[ECMWF-INFO -ecepilog] This is the ECMWF job Epilogue
[ECMWF-INFO -ecepilog] +++ Please report issues using the Support portal +++
[ECMWF-INFO -ecepilog] +++ https://support.ecmwf.int                     +++
[ECMWF-INFO -ecepilog] ----------------------------------------------------------------------------------------------------
[ECMWF-INFO -ecepilog] Run at 2024-09-18T09:32:35 on ac
[ECMWF-INFO -ecepilog] JobName                   : zarr_conv_dowa
[ECMWF-INFO -ecepilog] JobID                     : 30824204
[ECMWF-INFO -ecepilog] Submit                    : 2024-09-18T09:26:27
[ECMWF-INFO -ecepilog] Start                     : 2024-09-18T09:26:40
[ECMWF-INFO -ecepilog] End                       : 2024-09-18T09:32:35
[ECMWF-INFO -ecepilog] QueuedTime                : 13.0
[ECMWF-INFO -ecepilog] ElapsedRaw                : 355
[ECMWF-INFO -ecepilog] ExitCode                  : 0:0
[ECMWF-INFO -ecepilog] DerivedExitCode           : 0:0
[ECMWF-INFO -ecepilog] State                     : CANCELLED by 26325
[ECMWF-INFO -ecepilog] Account                   : nldmlam
[ECMWF-INFO -ecepilog] QOS                       : nf
[ECMWF-INFO -ecepilog] User                      : nld1247
[ECMWF-INFO -ecepilog] StdOut                    : /lus/h2resw01/hpcperm/nld1247/zarr_converter/slurm-30824204.out
[ECMWF-INFO -ecepilog] StdErr                    : /lus/h2resw01/hpcperm/nld1247/zarr_converter/slurm-30824204.out
[ECMWF-INFO -ecepilog] NNodes                    : 1
[ECMWF-INFO -ecepilog] NCPUS                     : 32
[ECMWF-INFO -ecepilog] SBU                       : 26.923
[ECMWF-INFO -ecepilog] ----------------------------------------------------------------------------------------------------

